<testsuites id="" name="" tests="3" failures="3" skipped="0" errors="0" time="57.286035">
<testsuite name="e2e/billing.spec.ts" timestamp="2026-02-12T21:03:12.494Z" hostname="chromium" tests="3" failures="3" skipped="0" time="45.248" errors="0">
<testcase name="Stripe Billing Flow › User can top up wallet and verify balance increase" classname="e2e/billing.spec.ts" time="17.89">
<failure message="billing.spec.ts:51:7 User can top up wallet and verify balance increase" type="FAILURE">
<![CDATA[  [chromium] › e2e/billing.spec.ts:51:7 › Stripe Billing Flow › User can top up wallet and verify balance increase 

    TimeoutError: page.waitForSelector: Timeout 10000ms exceeded.
    Call log:
      - waiting for locator('input[name="email"]') to be visible


       at e2e/utils/auth-helpers.ts:28

      26 |
      27 |   // Wait for login form to be visible
    > 28 |   await page.waitForSelector('input[name="email"]', { timeout: 10000 });
         |              ^
      29 |
      30 |   // Fill in credentials
      31 |   await page.fill('input[name="email"]', 'test@demo.com');
        at loginAsTestUser (/Users/mac/Desktop/Callwaiting-AI-Voxanne-2026/tests/e2e/utils/auth-helpers.ts:28:14)
        at /Users/mac/Desktop/Callwaiting-AI-Voxanne-2026/tests/e2e/billing.spec.ts:56:5

    attachment #1: screenshot (image/png) ──────────────────────────────────────────────────────────
    ../test-results/e2e-billing-Stripe-Billing-921d6-and-verify-balance-increase-chromium/test-failed-1.png
    ────────────────────────────────────────────────────────────────────────────────────────────────

    attachment #2: video (video/webm) ──────────────────────────────────────────────────────────────
    ../test-results/e2e-billing-Stripe-Billing-921d6-and-verify-balance-increase-chromium/video.webm
    ────────────────────────────────────────────────────────────────────────────────────────────────

    Error Context: ../test-results/e2e-billing-Stripe-Billing-921d6-and-verify-balance-increase-chromium/error-context.md
]]>
</failure>
<system-out>
<![CDATA[Step 1: Authenticating as test user...

[[ATTACHMENT|e2e-billing-Stripe-Billing-921d6-and-verify-balance-increase-chromium/test-failed-1.png]]

[[ATTACHMENT|e2e-billing-Stripe-Billing-921d6-and-verify-balance-increase-chromium/video.webm]]

[[ATTACHMENT|e2e-billing-Stripe-Billing-921d6-and-verify-balance-increase-chromium/error-context.md]]
]]>
</system-out>
</testcase>
<testcase name="Stripe Billing Flow › Wallet page displays current balance" classname="e2e/billing.spec.ts" time="13.589">
<failure message="billing.spec.ts:135:7 Wallet page displays current balance" type="FAILURE">
<![CDATA[  [chromium] › e2e/billing.spec.ts:135:7 › Stripe Billing Flow › Wallet page displays current balance 

    TimeoutError: page.waitForSelector: Timeout 10000ms exceeded.
    Call log:
      - waiting for locator('input[name="email"]') to be visible


       at e2e/utils/auth-helpers.ts:28

      26 |
      27 |   // Wait for login form to be visible
    > 28 |   await page.waitForSelector('input[name="email"]', { timeout: 10000 });
         |              ^
      29 |
      30 |   // Fill in credentials
      31 |   await page.fill('input[name="email"]', 'test@demo.com');
        at loginAsTestUser (/Users/mac/Desktop/Callwaiting-AI-Voxanne-2026/tests/e2e/utils/auth-helpers.ts:28:14)
        at /Users/mac/Desktop/Callwaiting-AI-Voxanne-2026/tests/e2e/billing.spec.ts:139:5

    attachment #1: screenshot (image/png) ──────────────────────────────────────────────────────────
    ../test-results/e2e-billing-Stripe-Billing-607b6-ge-displays-current-balance-chromium/test-failed-1.png
    ────────────────────────────────────────────────────────────────────────────────────────────────

    attachment #2: video (video/webm) ──────────────────────────────────────────────────────────────
    ../test-results/e2e-billing-Stripe-Billing-607b6-ge-displays-current-balance-chromium/video.webm
    ────────────────────────────────────────────────────────────────────────────────────────────────

    Error Context: ../test-results/e2e-billing-Stripe-Billing-607b6-ge-displays-current-balance-chromium/error-context.md
]]>
</failure>
<system-out>
<![CDATA[Testing wallet page display...

[[ATTACHMENT|e2e-billing-Stripe-Billing-607b6-ge-displays-current-balance-chromium/test-failed-1.png]]

[[ATTACHMENT|e2e-billing-Stripe-Billing-607b6-ge-displays-current-balance-chromium/video.webm]]

[[ATTACHMENT|e2e-billing-Stripe-Billing-607b6-ge-displays-current-balance-chromium/error-context.md]]
]]>
</system-out>
</testcase>
<testcase name="Stripe Billing Flow › Add Funds button is visible and clickable" classname="e2e/billing.spec.ts" time="13.769">
<failure message="billing.spec.ts:150:7 Add Funds button is visible and clickable" type="FAILURE">
<![CDATA[  [chromium] › e2e/billing.spec.ts:150:7 › Stripe Billing Flow › Add Funds button is visible and clickable 

    TimeoutError: page.waitForSelector: Timeout 10000ms exceeded.
    Call log:
      - waiting for locator('input[name="email"]') to be visible


       at e2e/utils/auth-helpers.ts:28

      26 |
      27 |   // Wait for login form to be visible
    > 28 |   await page.waitForSelector('input[name="email"]', { timeout: 10000 });
         |              ^
      29 |
      30 |   // Fill in credentials
      31 |   await page.fill('input[name="email"]', 'test@demo.com');
        at loginAsTestUser (/Users/mac/Desktop/Callwaiting-AI-Voxanne-2026/tests/e2e/utils/auth-helpers.ts:28:14)
        at /Users/mac/Desktop/Callwaiting-AI-Voxanne-2026/tests/e2e/billing.spec.ts:154:5

    attachment #1: screenshot (image/png) ──────────────────────────────────────────────────────────
    ../test-results/e2e-billing-Stripe-Billing-bc762-on-is-visible-and-clickable-chromium/test-failed-1.png
    ────────────────────────────────────────────────────────────────────────────────────────────────

    attachment #2: video (video/webm) ──────────────────────────────────────────────────────────────
    ../test-results/e2e-billing-Stripe-Billing-bc762-on-is-visible-and-clickable-chromium/video.webm
    ────────────────────────────────────────────────────────────────────────────────────────────────

    Error Context: ../test-results/e2e-billing-Stripe-Billing-bc762-on-is-visible-and-clickable-chromium/error-context.md
]]>
</failure>
<system-out>
<![CDATA[Testing Add Funds button...

[[ATTACHMENT|e2e-billing-Stripe-Billing-bc762-on-is-visible-and-clickable-chromium/test-failed-1.png]]

[[ATTACHMENT|e2e-billing-Stripe-Billing-bc762-on-is-visible-and-clickable-chromium/video.webm]]

[[ATTACHMENT|e2e-billing-Stripe-Billing-bc762-on-is-visible-and-clickable-chromium/error-context.md]]
]]>
</system-out>
</testcase>
</testsuite>
</testsuites>