<testsuites id="" name="" tests="22" failures="4" skipped="0" errors="0" time="15.303132">
<testsuite name="telephony-nuclear.test.ts" timestamp="2026-01-26T00:45:22.346Z" hostname="chromium" tests="22" failures="4" skipped="0" time="4.237" errors="0">
<testcase name="☢️ NUCLEAR TELEPHONY TEST SUITE › Phase 1: Backend API Tests › API: Initiate Verification with Valid Phone" classname="telephony-nuclear.test.ts" time="0.222">
<system-out>
<![CDATA[✅ Initiate Verification: PASS
]]>
</system-out>
</testcase>
<testcase name="☢️ NUCLEAR TELEPHONY TEST SUITE › Phase 1: Backend API Tests › API: Reject Invalid Phone Format" classname="telephony-nuclear.test.ts" time="0.102">
<system-out>
<![CDATA[✅ Reject Invalid Phone: PASS
]]>
</system-out>
</testcase>
<testcase name="☢️ NUCLEAR TELEPHONY TEST SUITE › Phase 1: Backend API Tests › API: Enforce Rate Limiting (5 attempts per hour)" classname="telephony-nuclear.test.ts" time="0.273">
<failure message="telephony-nuclear.test.ts:70:9 API: Enforce Rate Limiting (5 attempts per hour)" type="FAILURE">
<![CDATA[  [chromium] › telephony-nuclear.test.ts:70:9 › ☢️ NUCLEAR TELEPHONY TEST SUITE › Phase 1: Backend API Tests › API: Enforce Rate Limiting (5 attempts per hour) 

    Error: expect(received).toBe(expected) // Object.is equality

    Expected: 200
    Received: 429

      74 |           phoneNumber: TEST_PHONES.rateLimited,
      75 |         });
    > 76 |         expect(status).toBe(200);
         |                        ^
      77 |       }
      78 |
      79 |       // 6th attempt should fail with rate limit
        at /Users/mac/Desktop/Callwaiting-AI-Voxanne-2026/tests/telephony-nuclear.test.ts:76:24
]]>
</failure>
<system-out>
<![CDATA[

╔════════════════════════════════════════╗
║  ☢️ NUCLEAR TEST SUITE COMPLETED ☢️    ║
║  All security, performance, and       ║
║  functional tests passed!             ║
╚════════════════════════════════════════╝


]]>
</system-out>
</testcase>
<testcase name="☢️ NUCLEAR TELEPHONY TEST SUITE › Phase 1: Backend API Tests › API: Confirm Verification Successfully" classname="telephony-nuclear.test.ts" time="0.233">
<system-out>
<![CDATA[✅ Verify Confirmation: PASS
]]>
</system-out>
</testcase>
<testcase name="☢️ NUCLEAR TELEPHONY TEST SUITE › Phase 1: Backend API Tests › API: Generate GSM Codes - T-Mobile Safety Net" classname="telephony-nuclear.test.ts" time="0.072">
<system-out>
<![CDATA[✅ GSM Code Generation (T-Mobile Safety Net): PASS
]]>
</system-out>
</testcase>
<testcase name="☢️ NUCLEAR TELEPHONY TEST SUITE › Phase 1: Backend API Tests › API: Generate GSM Codes - AT&amp;T Total AI" classname="telephony-nuclear.test.ts" time="0.071">
<system-out>
<![CDATA[✅ GSM Code Generation (AT&T Total AI): PASS


╔════════════════════════════════════════╗
║  ☢️ NUCLEAR TEST SUITE COMPLETED ☢️    ║
║  All security, performance, and       ║
║  functional tests passed!             ║
╚════════════════════════════════════════╝


]]>
</system-out>
</testcase>
<testcase name="☢️ NUCLEAR TELEPHONY TEST SUITE › Phase 1: Backend API Tests › API: Generate GSM Codes - Verizon Safety Net" classname="telephony-nuclear.test.ts" time="0.199">
<system-out>
<![CDATA[✅ GSM Code Generation (Verizon Safety Net): PASS
]]>
</system-out>
</testcase>
<testcase name="☢️ NUCLEAR TELEPHONY TEST SUITE › Phase 1: Backend API Tests › API: Confirm Setup Updates Status" classname="telephony-nuclear.test.ts" time="0.107">
<failure message="telephony-nuclear.test.ts:155:9 API: Confirm Setup Updates Status" type="FAILURE">
<![CDATA[  [chromium] › telephony-nuclear.test.ts:155:9 › ☢️ NUCLEAR TELEPHONY TEST SUITE › Phase 1: Backend API Tests › API: Confirm Setup Updates Status 

    Error: expect(received).toBe(expected) // Object.is equality

    Expected: 200
    Received: 404

      158 |       });
      159 |
    > 160 |       expect(status).toBe(200);
          |                      ^
      161 |       expect(data.success).toBe(true);
      162 |       console.log('✅ Setup Confirmation: PASS');
      163 |     });
        at /Users/mac/Desktop/Callwaiting-AI-Voxanne-2026/tests/telephony-nuclear.test.ts:160:22
]]>
</failure>
<system-out>
<![CDATA[

╔════════════════════════════════════════╗
║  ☢️ NUCLEAR TEST SUITE COMPLETED ☢️    ║
║  All security, performance, and       ║
║  functional tests passed!             ║
╚════════════════════════════════════════╝


]]>
</system-out>
</testcase>
<testcase name="☢️ NUCLEAR TELEPHONY TEST SUITE › Phase 1: Backend API Tests › API: List Verified Numbers" classname="telephony-nuclear.test.ts" time="0.189">
<system-out>
<![CDATA[✅ List Verified Numbers: PASS
]]>
</system-out>
</testcase>
<testcase name="☢️ NUCLEAR TELEPHONY TEST SUITE › Phase 2: Type Safety Tests › API: Validates Required Fields" classname="telephony-nuclear.test.ts" time="0.077">
<system-out>
<![CDATA[✅ Required Field Validation: PASS
]]>
</system-out>
</testcase>
<testcase name="☢️ NUCLEAR TELEPHONY TEST SUITE › Phase 2: Type Safety Tests › API: E.164 Phone Format Validation" classname="telephony-nuclear.test.ts" time="0.132">
<failure message="telephony-nuclear.test.ts:193:9 API: E.164 Phone Format Validation" type="FAILURE">
<![CDATA[  [chromium] › telephony-nuclear.test.ts:193:9 › ☢️ NUCLEAR TELEPHONY TEST SUITE › Phase 2: Type Safety Tests › API: E.164 Phone Format Validation 

    Error: expect(received).toBe(expected) // Object.is equality

    Expected: 400
    Received: 200

      203 |           phoneNumber: phone,
      204 |         });
    > 205 |         expect(status).toBe(400);
          |                        ^
      206 |       }
      207 |
      208 |       console.log('✅ E.164 Validation: PASS');
        at /Users/mac/Desktop/Callwaiting-AI-Voxanne-2026/tests/telephony-nuclear.test.ts:205:24
]]>
</failure>
<system-out>
<![CDATA[

╔════════════════════════════════════════╗
║  ☢️ NUCLEAR TEST SUITE COMPLETED ☢️    ║
║  All security, performance, and       ║
║  functional tests passed!             ║
╚════════════════════════════════════════╝


]]>
</system-out>
</testcase>
<testcase name="☢️ NUCLEAR TELEPHONY TEST SUITE › Phase 2: Type Safety Tests › API: Proper HTTP Status Codes" classname="telephony-nuclear.test.ts" time="0.143">
<failure message="telephony-nuclear.test.ts:211:9 API: Proper HTTP Status Codes" type="FAILURE">
<![CDATA[  [chromium] › telephony-nuclear.test.ts:211:9 › ☢️ NUCLEAR TELEPHONY TEST SUITE › Phase 2: Type Safety Tests › API: Proper HTTP Status Codes 

    Error: expect(received).toBe(expected) // Object.is equality

    Expected: 200
    Received: 400

      214 |         phoneNumber: TEST_PHONES.valid,
      215 |       });
    > 216 |       expect(result.status).toBe(200);
          |                             ^
      217 |
      218 |       // 400 for bad request
      219 |       result = await apiCall('POST', '/api/telephony/verify-caller-id/initiate', {
        at /Users/mac/Desktop/Callwaiting-AI-Voxanne-2026/tests/telephony-nuclear.test.ts:216:29
]]>
</failure>
<system-out>
<![CDATA[

╔════════════════════════════════════════╗
║  ☢️ NUCLEAR TEST SUITE COMPLETED ☢️    ║
║  All security, performance, and       ║
║  functional tests passed!             ║
╚════════════════════════════════════════╝


]]>
</system-out>
</testcase>
<testcase name="☢️ NUCLEAR TELEPHONY TEST SUITE › Phase 3: Security Tests › Security: Validation Code NOT Exposed in API Response" classname="telephony-nuclear.test.ts" time="0.428">
<system-out>
<![CDATA[✅ Validation Code Not Exposed: PASS
]]>
</system-out>
</testcase>
<testcase name="☢️ NUCLEAR TELEPHONY TEST SUITE › Phase 3: Security Tests › Security: Rate Limit Prevents Brute Force" classname="telephony-nuclear.test.ts" time="0.72">
<system-out>
<![CDATA[✅ Brute Force Prevention: PASS
]]>
</system-out>
</testcase>
<testcase name="☢️ NUCLEAR TELEPHONY TEST SUITE › Phase 3: Security Tests › Security: All Responses Include RequestId for Tracing" classname="telephony-nuclear.test.ts" time="0.073">
<system-out>
<![CDATA[✅ Request ID Tracking: PASS
]]>
</system-out>
</testcase>
<testcase name="☢️ NUCLEAR TELEPHONY TEST SUITE › Phase 4: Edge Cases › Edge Case: Already Verified Number Reuse" classname="telephony-nuclear.test.ts" time="0.121">
<system-out>
<![CDATA[✅ Already Verified Number Reuse: PASS
]]>
</system-out>
</testcase>
<testcase name="☢️ NUCLEAR TELEPHONY TEST SUITE › Phase 4: Edge Cases › Edge Case: Ring Time Boundaries (5-60 seconds)" classname="telephony-nuclear.test.ts" time="0.271">
<system-out>
<![CDATA[✅ Ring Time Boundaries: PASS
]]>
</system-out>
</testcase>
<testcase name="☢️ NUCLEAR TELEPHONY TEST SUITE › Phase 4: Edge Cases › Edge Case: Carrier Case Sensitivity" classname="telephony-nuclear.test.ts" time="0.131">
<system-out>
<![CDATA[✅ Carrier Case Handling: PASS


╔════════════════════════════════════════╗
║  ☢️ NUCLEAR TEST SUITE COMPLETED ☢️    ║
║  All security, performance, and       ║
║  functional tests passed!             ║
╚════════════════════════════════════════╝


]]>
</system-out>
</testcase>
<testcase name="☢️ NUCLEAR TELEPHONY TEST SUITE › Phase 5: Data Consistency › Data: GSM Code Consistency Across Calls" classname="telephony-nuclear.test.ts" time="0.327">
<system-out>
<![CDATA[✅ GSM Code Consistency: PASS
]]>
</system-out>
</testcase>
<testcase name="☢️ NUCLEAR TELEPHONY TEST SUITE › Phase 5: Data Consistency › Data: Verified Number Persistence" classname="telephony-nuclear.test.ts" time="0.212">
<system-out>
<![CDATA[✅ Data Persistence: PASS
]]>
</system-out>
</testcase>
<testcase name="☢️ NUCLEAR TELEPHONY TEST SUITE › Phase 6: Performance Tests › Performance: API Response Time &lt; 1 second" classname="telephony-nuclear.test.ts" time="0.07">
<system-out>
<![CDATA[✅ Response Time: 60ms (target: <1000ms)
]]>
</system-out>
</testcase>
<testcase name="☢️ NUCLEAR TELEPHONY TEST SUITE › Phase 6: Performance Tests › Performance: List Verified Numbers Scales" classname="telephony-nuclear.test.ts" time="0.064">
<system-out>
<![CDATA[✅ List Numbers Query: 57ms (target: <500ms)


╔════════════════════════════════════════╗
║  ☢️ NUCLEAR TEST SUITE COMPLETED ☢️    ║
║  All security, performance, and       ║
║  functional tests passed!             ║
╚════════════════════════════════════════╝


]]>
</system-out>
</testcase>
</testsuite>
</testsuites>